# JRE version: OpenJDK Runtime Environment (8.0_202-b03) (build 1.8.0_202-release-1483-b03)
# Java VM: OpenJDK 64-Bit Server VM (25.202-b03 mixed mode windows-amd64 compressed oops)
Heap:
 PSYoungGen      total 385536K, used 283617K [0x00000000e0000000, 0x00000000fe880000, 0x0000000100000000)
  eden space 331264K, 81% used [0x00000000e0000000,0x00000000f07dabd0,0x00000000f4380000)
  from space 54272K, 24% used [0x00000000f4380000,0x00000000f509dbc8,0x00000000f7880000)
  to   space 52224K, 0% used [0x00000000fb580000,0x00000000fb580000,0x00000000fe880000)
 ParOldGen       total 162816K, used 75257K [0x00000000a0000000, 0x00000000a9f00000, 0x00000000e0000000)
  object space 162816K, 46% used [0x00000000a0000000,0x00000000a497e458,0x00000000a9f00000)
 Metaspace       used 138996K, capacity 143522K, committed 143872K, reserved 1175552K
  class space    used 16935K, capacity 17807K, committed 17920K, reserved 1048576K
GC Heap History (10 events):
Event: 4623.876 GC heap before
{Heap before GC invocations=38 (full 5):
 PSYoungGen      total 289792K, used 6549K [0x00000000e0000000, 0x00000000f8080000, 0x0000000100000000)
  eden space 231936K, 0% used [0x00000000e0000000,0x00000000e0000000,0x00000000ee280000)
  from space 57856K, 11% used [0x00000000ee280000,0x00000000ee8e5410,0x00000000f1b00000)
  to   space 57344K, 0% used [0x00000000f4880000,0x00000000f4880000,0x00000000f8080000)
 ParOldGen       total 182784K, used 164881K [0x00000000a0000000, 0x00000000ab280000, 0x00000000e0000000)
  object space 182784K, 90% used [0x00000000a0000000,0x00000000aa1046c0,0x00000000ab280000)
 Metaspace       used 118347K, capacity 122758K, committed 123008K, reserved 1157120K
  class space    used 14787K, capacity 15678K, committed 15744K, reserved 1048576K
Event: 4704.853 GC heap after
Heap after GC invocations=38 (full 5):
 PSYoungGen      total 289792K, used 0K [0x00000000e0000000, 0x00000000f8080000, 0x0000000100000000)
  eden space 231936K, 0% used [0x00000000e0000000,0x00000000e0000000,0x00000000ee280000)
  from space 57856K, 0% used [0x00000000ee280000,0x00000000ee280000,0x00000000f1b00000)
  to   space 57344K, 0% used [0x00000000f4880000,0x00000000f4880000,0x00000000f8080000)
 ParOldGen       total 162816K, used 61400K [0x00000000a0000000, 0x00000000a9f00000, 0x00000000e0000000)
  object space 162816K, 37% used [0x00000000a0000000,0x00000000a3bf6290,0x00000000a9f00000)
 Metaspace       used 116939K, capacity 120450K, committed 123008K, reserved 1157120K
  class space    used 14553K, capacity 15277K, committed 15744K, reserved 1048576K
}
Event: 8557.805 GC heap before
{Heap before GC invocations=39 (full 5):
 PSYoungGen      total 289792K, used 231920K [0x00000000e0000000, 0x00000000f8080000, 0x0000000100000000)
  eden space 231936K, 99% used [0x00000000e0000000,0x00000000ee27c168,0x00000000ee280000)
  from space 57856K, 0% used [0x00000000ee280000,0x00000000ee280000,0x00000000f1b00000)
  to   space 57344K, 0% used [0x00000000f4880000,0x00000000f4880000,0x00000000f8080000)
 ParOldGen       total 162816K, used 61400K [0x00000000a0000000, 0x00000000a9f00000, 0x00000000e0000000)
  object space 162816K, 37% used [0x00000000a0000000,0x00000000a3bf6290,0x00000000a9f00000)
 Metaspace       used 117780K, capacity 121620K, committed 123008K, reserved 1157120K
  class space    used 14639K, capacity 15432K, committed 15744K, reserved 1048576K
Event: 8580.269 GC heap after
Heap after GC invocations=39 (full 5):
 PSYoungGen      total 328192K, used 8080K [0x00000000e0000000, 0x00000000f7b80000, 0x0000000100000000)
  eden space 275968K, 0% used [0x00000000e0000000,0x00000000e0000000,0x00000000f0d80000)
  from space 52224K, 15% used [0x00000000f4880000,0x00000000f5064020,0x00000000f7b80000)
  to   space 56320K, 0% used [0x00000000f0d80000,0x00000000f0d80000,0x00000000f4480000)
 ParOldGen       total 162816K, used 61408K [0x00000000a0000000, 0x00000000a9f00000, 0x00000000e0000000)
  object space 162816K, 37% used [0x00000000a0000000,0x00000000a3bf8290,0x00000000a9f00000)
 Metaspace       used 117780K, capacity 121620K, committed 123008K, reserved 1157120K
  class space    used 14639K, capacity 15432K, committed 15744K, reserved 1048576K
}
Event: 8780.437 GC heap before
{Heap before GC invocations=40 (full 5):
 PSYoungGen      total 328192K, used 284048K [0x00000000e0000000, 0x00000000f7b80000, 0x0000000100000000)
  eden space 275968K, 100% used [0x00000000e0000000,0x00000000f0d80000,0x00000000f0d80000)
  from space 52224K, 15% used [0x00000000f4880000,0x00000000f5064020,0x00000000f7b80000)
  to   space 56320K, 0% used [0x00000000f0d80000,0x00000000f0d80000,0x00000000f4480000)
 ParOldGen       total 162816K, used 61408K [0x00000000a0000000, 0x00000000a9f00000, 0x00000000e0000000)
  object space 162816K, 37% used [0x00000000a0000000,0x00000000a3bf8290,0x00000000a9f00000)
 Metaspace       used 124620K, capacity 128562K, committed 129536K, reserved 1163264K
  class space    used 15387K, capacity 16195K, committed 16384K, reserved 1048576K
Event: 8807.963 GC heap after
Heap after GC invocations=40 (full 5):
 PSYoungGen      total 332288K, used 12825K [0x00000000e0000000, 0x00000000fae80000, 0x0000000100000000)
  eden space 275968K, 0% used [0x00000000e0000000,0x00000000e0000000,0x00000000f0d80000)
  from space 56320K, 22% used [0x00000000f0d80000,0x00000000f1a06478,0x00000000f4480000)
  to   space 54272K, 0% used [0x00000000f7980000,0x00000000f7980000,0x00000000fae80000)
 ParOldGen       total 162816K, used 68748K [0x00000000a0000000, 0x00000000a9f00000, 0x00000000e0000000)
  object space 162816K, 42% used [0x00000000a0000000,0x00000000a43230d8,0x00000000a9f00000)
 Metaspace       used 124620K, capacity 128562K, committed 129536K, reserved 1163264K
  class space    used 15387K, capacity 16195K, committed 16384K, reserved 1048576K
}
Event: 9396.645 GC heap before
{Heap before GC invocations=41 (full 5):
 PSYoungGen      total 332288K, used 288793K [0x00000000e0000000, 0x00000000fae80000, 0x0000000100000000)
  eden space 275968K, 100% used [0x00000000e0000000,0x00000000f0d80000,0x00000000f0d80000)
  from space 56320K, 22% used [0x00000000f0d80000,0x00000000f1a06478,0x00000000f4480000)
  to   space 54272K, 0% used [0x00000000f7980000,0x00000000f7980000,0x00000000fae80000)
 ParOldGen       total 162816K, used 68748K [0x00000000a0000000, 0x00000000a9f00000, 0x00000000e0000000)
  object space 162816K, 42% used [0x00000000a0000000,0x00000000a43230d8,0x00000000a9f00000)
 Metaspace       used 128534K, capacity 132788K, committed 133504K, reserved 1165312K
  class space    used 15749K, capacity 16582K, committed 16768K, reserved 1048576K
Event: 9423.177 GC heap after
Heap after GC invocations=41 (full 5):
 PSYoungGen      total 384512K, used 29719K [0x00000000e0000000, 0x00000000fad80000, 0x0000000100000000)
  eden space 331264K, 0% used [0x00000000e0000000,0x00000000e0000000,0x00000000f4380000)
  from space 53248K, 55% used [0x00000000f7980000,0x00000000f9685d10,0x00000000fad80000)
  to   space 54272K, 0% used [0x00000000f4380000,0x00000000f4380000,0x00000000f7880000)
 ParOldGen       total 162816K, used 70561K [0x00000000a0000000, 0x00000000a9f00000, 0x00000000e0000000)
  object space 162816K, 43% used [0x00000000a0000000,0x00000000a44e8670,0x00000000a9f00000)
 Metaspace       used 128534K, capacity 132788K, committed 133504K, reserved 1165312K
  class space    used 15749K, capacity 16582K, committed 16768K, reserved 1048576K
}
Event: 9913.442 GC heap before
{Heap before GC invocations=42 (full 5):
 PSYoungGen      total 384512K, used 360983K [0x00000000e0000000, 0x00000000fad80000, 0x0000000100000000)
  eden space 331264K, 100% used [0x00000000e0000000,0x00000000f4380000,0x00000000f4380000)
  from space 53248K, 55% used [0x00000000f7980000,0x00000000f9685d10,0x00000000fad80000)
  to   space 54272K, 0% used [0x00000000f4380000,0x00000000f4380000,0x00000000f7880000)
 ParOldGen       total 162816K, used 70561K [0x00000000a0000000, 0x00000000a9f00000, 0x00000000e0000000)
  object space 162816K, 43% used [0x00000000a0000000,0x00000000a44e8670,0x00000000a9f00000)
 Metaspace       used 132340K, capacity 136816K, committed 136960K, reserved 1169408K
  class space    used 16210K, capacity 17098K, committed 17152K, reserved 1048576K
Event: 9928.289 GC heap after
Heap after GC invocations=42 (full 5):
 PSYoungGen      total 385536K, used 13430K [0x00000000e0000000, 0x00000000fe880000, 0x0000000100000000)
  eden space 331264K, 0% used [0x00000000e0000000,0x00000000e0000000,0x00000000f4380000)
  from space 54272K, 24% used [0x00000000f4380000,0x00000000f509dbc8,0x00000000f7880000)
  to   space 52224K, 0% used [0x00000000fb580000,0x00000000fb580000,0x00000000fe880000)
 ParOldGen       total 162816K, used 75257K [0x00000000a0000000, 0x00000000a9f00000, 0x00000000e0000000)
  object space 162816K, 46% used [0x00000000a0000000,0x00000000a497e458,0x00000000a9f00000)
 Metaspace       used 132340K, capacity 136816K, committed 136960K, reserved 1169408K
  class space    used 16210K, capacity 17098K, committed 17152K, reserved 1048576K
}

